2025-10-03 00:00:54 [RMI TCP Connection(66)-127.0.0.1] INFO  o.s.b.a.SpringApplicationAdminMXBeanRegistrar$SpringApplicationAdmin - Application shutdown requested.
2025-10-03 00:00:54 [RMI TCP Connection(66)-127.0.0.1] INFO  o.s.b.w.e.tomcat.GracefulShutdown - Commencing graceful shutdown. Waiting for active requests to complete
2025-10-03 00:00:54 [tomcat-shutdown] INFO  o.s.b.w.e.tomcat.GracefulShutdown - Graceful shutdown complete
2025-10-03 00:00:54 [RMI TCP Connection(66)-127.0.0.1] INFO  o.s.o.j.LocalContainerEntityManagerFactoryBean - Closing JPA EntityManagerFactory for persistence unit 'default'
2025-10-03 00:00:54 [RMI TCP Connection(66)-127.0.0.1] INFO  com.zaxxer.hikari.HikariDataSource - HikariPool-7 - Shutdown initiated...
2025-10-03 00:00:54 [RMI TCP Connection(66)-127.0.0.1] INFO  com.zaxxer.hikari.HikariDataSource - HikariPool-7 - Shutdown completed.
2025-10-03 00:00:56 [restartedMain] INFO  com.example.SoccerShopApplication - Starting SoccerShopApplication using Java 21.0.7 with PID 8080 (C:\pleiades\2025-06\workspace\SoccerShop\target\classes started by soras in C:\pleiades\2025-06\workspace\SoccerShop)
2025-10-03 00:00:56 [restartedMain] INFO  com.example.SoccerShopApplication - No active profile set, falling back to 1 default profile: "default"
2025-10-03 00:00:56 [restartedMain] INFO  o.s.b.d.e.DevToolsPropertyDefaultsPostProcessor - Devtools property defaults active! Set 'spring.devtools.add-properties' to 'false' to disable
2025-10-03 00:00:56 [restartedMain] INFO  o.s.b.d.e.DevToolsPropertyDefaultsPostProcessor - For additional web related logging consider setting the 'logging.level.web' property to 'DEBUG'
2025-10-03 00:00:57 [restartedMain] INFO  o.s.d.r.c.RepositoryConfigurationDelegate - Bootstrapping Spring Data JPA repositories in DEFAULT mode.
2025-10-03 00:00:57 [restartedMain] INFO  o.s.d.r.c.RepositoryConfigurationDelegate - Finished Spring Data repository scanning in 43 ms. Found 5 JPA repository interfaces.
2025-10-03 00:00:57 [restartedMain] INFO  o.s.b.w.e.tomcat.TomcatWebServer - Tomcat initialized with port 8080 (http)
2025-10-03 00:00:57 [restartedMain] INFO  o.a.catalina.core.StandardService - Starting service [Tomcat]
2025-10-03 00:00:57 [restartedMain] INFO  o.a.catalina.core.StandardEngine - Starting Servlet engine: [Apache Tomcat/10.1.46]
2025-10-03 00:00:57 [restartedMain] INFO  o.a.c.c.C.[Tomcat].[localhost].[/] - Initializing Spring embedded WebApplicationContext
2025-10-03 00:00:57 [restartedMain] INFO  o.s.b.w.s.c.ServletWebServerApplicationContext - Root WebApplicationContext: initialization completed in 1077 ms
2025-10-03 00:00:57 [restartedMain] WARN  o.a.c.c.C.[Tomcat].[localhost].[/] - Cannot deserialize session attribute [SPRING_SECURITY_CONTEXT] for session [FFCE35EA5D4D23385D70048D9B0D783F]
2025-10-03 00:00:57 [restartedMain] INFO  o.h.jpa.internal.util.LogHelper - HHH000204: Processing PersistenceUnitInfo [name: default]
2025-10-03 00:00:57 [restartedMain] INFO  org.hibernate.Version - HHH000412: Hibernate ORM core version 6.6.29.Final
2025-10-03 00:00:57 [restartedMain] INFO  o.h.c.i.RegionFactoryInitiator - HHH000026: Second-level cache disabled
2025-10-03 00:00:57 [restartedMain] INFO  o.s.o.j.p.SpringPersistenceUnitInfo - No LoadTimeWeaver setup: ignoring JPA class transformer
2025-10-03 00:00:57 [restartedMain] INFO  com.zaxxer.hikari.HikariDataSource - HikariPool-1 - Starting...
2025-10-03 00:00:58 [restartedMain] INFO  com.zaxxer.hikari.pool.HikariPool - HikariPool-1 - Added connection com.mysql.cj.jdbc.ConnectionImpl@40c70c4d
2025-10-03 00:00:58 [restartedMain] INFO  com.zaxxer.hikari.HikariDataSource - HikariPool-1 - Start completed.
2025-10-03 00:00:58 [restartedMain] INFO  o.hibernate.orm.connections.pooling - HHH10001005: Database info:
	Database JDBC URL [Connecting through datasource 'HikariDataSource (HikariPool-1)']
	Database driver: undefined/unknown
	Database version: 8.4.5
	Autocommit mode: undefined/unknown
	Isolation level: undefined/unknown
	Minimum pool size: undefined/unknown
	Maximum pool size: undefined/unknown
2025-10-03 00:00:59 [restartedMain] INFO  o.h.e.t.j.p.i.JtaPlatformInitiator - HHH000489: No JTA platform available (set 'hibernate.transaction.jta.platform' to enable JTA platform integration)
2025-10-03 00:00:59 [restartedMain] INFO  o.s.o.j.LocalContainerEntityManagerFactoryBean - Initialized JPA EntityManagerFactory for persistence unit 'default'
2025-10-03 00:00:59 [restartedMain] DEBUG o.s.d.j.r.c.JpaMetamodelMappingContextFactoryBean - Initializing JpaMetamodelMappingContext…
2025-10-03 00:00:59 [restartedMain] DEBUG o.s.d.j.r.c.JpaMetamodelMappingContextFactoryBean - Finished initializing JpaMetamodelMappingContext
2025-10-03 00:00:59 [restartedMain] DEBUG o.s.d.j.repository.query.NamedQuery - Looking up named query 'Order.findByIdAndUserEmail'
2025-10-03 00:00:59 [restartedMain] DEBUG o.s.d.j.repository.query.NamedQuery - Did not find named query Order.findByIdAndUserEmail
2025-10-03 00:00:59 [restartedMain] DEBUG o.s.d.j.repository.query.NamedQuery - Looking up named query 'Order.findByUserEmailOrderByCreatedAtDesc'
2025-10-03 00:00:59 [restartedMain] DEBUG o.s.d.j.repository.query.NamedQuery - Did not find named query Order.findByUserEmailOrderByCreatedAtDesc
2025-10-03 00:00:59 [restartedMain] DEBUG o.s.d.j.repository.query.NamedQuery - Looking up named query 'Order.findAllByOrderByCreatedAtDesc'
2025-10-03 00:00:59 [restartedMain] DEBUG o.s.d.j.repository.query.NamedQuery - Did not find named query Order.findAllByOrderByCreatedAtDesc
2025-10-03 00:00:59 [restartedMain] DEBUG o.s.d.j.repository.query.NamedQuery - Looking up named query 'Product.findByCategory'
2025-10-03 00:00:59 [restartedMain] DEBUG o.s.d.j.repository.query.NamedQuery - Did not find named query Product.findByCategory
2025-10-03 00:00:59 [restartedMain] DEBUG o.s.d.j.repository.query.NamedQuery - Looking up named query 'User.findByEmail'
2025-10-03 00:00:59 [restartedMain] DEBUG o.s.d.j.repository.query.NamedQuery - Did not find named query User.findByEmail
2025-10-03 00:00:59 [restartedMain] DEBUG o.s.d.j.repository.query.NamedQuery - Looking up named query 'User.findTopByOrderByIdDesc'
2025-10-03 00:00:59 [restartedMain] DEBUG o.s.d.j.repository.query.NamedQuery - Did not find named query User.findTopByOrderByIdDesc
2025-10-03 00:00:59 [restartedMain] DEBUG o.s.d.j.repository.query.NamedQuery - Looking up named query 'CartItem.findByUserOrderByCreatedAtDesc'
2025-10-03 00:00:59 [restartedMain] DEBUG o.s.d.j.repository.query.NamedQuery - Did not find named query CartItem.findByUserOrderByCreatedAtDesc
2025-10-03 00:00:59 [restartedMain] DEBUG o.s.d.j.repository.query.NamedQuery - Looking up named query 'CartItem.findByUserAndProduct'
2025-10-03 00:00:59 [restartedMain] DEBUG o.s.d.j.repository.query.NamedQuery - Did not find named query CartItem.findByUserAndProduct
2025-10-03 00:01:00 [restartedMain] WARN  o.s.b.a.o.j.JpaBaseConfiguration$JpaWebConfiguration - spring.jpa.open-in-view is enabled by default. Therefore, database queries may be performed during view rendering. Explicitly configure spring.jpa.open-in-view to disable this warning
2025-10-03 00:01:00 [restartedMain] INFO  o.s.s.c.a.a.c.InitializeUserDetailsBeanManagerConfigurer$InitializeUserDetailsManagerConfigurer - Global AuthenticationManager configured with UserDetailsService bean with name customUserDetailsService
2025-10-03 00:01:01 [restartedMain] INFO  o.s.b.d.a.OptionalLiveReloadServer - LiveReload server is running on port 35729
2025-10-03 00:01:01 [restartedMain] INFO  o.s.b.w.e.tomcat.TomcatWebServer - Tomcat started on port 8080 (http) with context path '/'
2025-10-03 00:01:01 [restartedMain] INFO  com.example.SoccerShopApplication - Started SoccerShopApplication in 4.974 seconds (process running for 5.455)
2025-10-03 00:01:01 [http-nio-8080-exec-1] INFO  o.a.c.c.C.[Tomcat].[localhost].[/] - Initializing Spring DispatcherServlet 'dispatcherServlet'
2025-10-03 00:01:01 [http-nio-8080-exec-1] INFO  o.s.web.servlet.DispatcherServlet - Initializing Servlet 'dispatcherServlet'
2025-10-03 00:01:01 [http-nio-8080-exec-1] INFO  o.s.web.servlet.DispatcherServlet - Completed initialization in 2 ms
2025-10-03 00:01:12 [http-nio-8080-exec-9] WARN  o.h.e.jdbc.spi.SqlExceptionHelper - SQL Error: 1451, SQLState: 23000
2025-10-03 00:01:12 [http-nio-8080-exec-9] ERROR o.h.e.jdbc.spi.SqlExceptionHelper - Cannot delete or update a parent row: a foreign key constraint fails (`soccer_shop`.`order_details`, CONSTRAINT `FK4q98utpd73imf4yhttm3w0eax` FOREIGN KEY (`product_id`) REFERENCES `products` (`id`))
2025-10-03 00:16:57 [RMI TCP Connection(18)-127.0.0.1] INFO  o.s.b.a.SpringApplicationAdminMXBeanRegistrar$SpringApplicationAdmin - Application shutdown requested.
2025-10-03 00:16:57 [RMI TCP Connection(18)-127.0.0.1] INFO  o.s.b.w.e.tomcat.GracefulShutdown - Commencing graceful shutdown. Waiting for active requests to complete
2025-10-03 00:16:57 [tomcat-shutdown] INFO  o.s.b.w.e.tomcat.GracefulShutdown - Graceful shutdown complete
2025-10-03 00:16:57 [RMI TCP Connection(18)-127.0.0.1] INFO  o.s.o.j.LocalContainerEntityManagerFactoryBean - Closing JPA EntityManagerFactory for persistence unit 'default'
2025-10-03 00:16:57 [RMI TCP Connection(18)-127.0.0.1] INFO  com.zaxxer.hikari.HikariDataSource - HikariPool-1 - Shutdown initiated...
2025-10-03 00:16:57 [RMI TCP Connection(18)-127.0.0.1] INFO  com.zaxxer.hikari.HikariDataSource - HikariPool-1 - Shutdown completed.
2025-10-03 18:56:07 [restartedMain] INFO  com.example.SoccerShopApplication - Starting SoccerShopApplication using Java 21.0.7 with PID 6032 (C:\pleiades\2025-06\workspace\SoccerShop\target\classes started by soras in C:\pleiades\2025-06\workspace\SoccerShop)
2025-10-03 18:56:07 [restartedMain] INFO  com.example.SoccerShopApplication - No active profile set, falling back to 1 default profile: "default"
2025-10-03 18:56:07 [restartedMain] INFO  o.s.b.d.e.DevToolsPropertyDefaultsPostProcessor - Devtools property defaults active! Set 'spring.devtools.add-properties' to 'false' to disable
2025-10-03 18:56:07 [restartedMain] INFO  o.s.b.d.e.DevToolsPropertyDefaultsPostProcessor - For additional web related logging consider setting the 'logging.level.web' property to 'DEBUG'
2025-10-03 18:56:08 [restartedMain] INFO  o.s.d.r.c.RepositoryConfigurationDelegate - Bootstrapping Spring Data JPA repositories in DEFAULT mode.
2025-10-03 18:56:08 [restartedMain] INFO  o.s.d.r.c.RepositoryConfigurationDelegate - Finished Spring Data repository scanning in 50 ms. Found 5 JPA repository interfaces.
2025-10-03 18:56:09 [restartedMain] INFO  o.s.b.w.e.tomcat.TomcatWebServer - Tomcat initialized with port 8080 (http)
2025-10-03 18:56:09 [restartedMain] INFO  o.a.catalina.core.StandardService - Starting service [Tomcat]
2025-10-03 18:56:09 [restartedMain] INFO  o.a.catalina.core.StandardEngine - Starting Servlet engine: [Apache Tomcat/10.1.46]
2025-10-03 18:56:09 [restartedMain] INFO  o.a.c.c.C.[Tomcat].[localhost].[/] - Initializing Spring embedded WebApplicationContext
2025-10-03 18:56:09 [restartedMain] INFO  o.s.b.w.s.c.ServletWebServerApplicationContext - Root WebApplicationContext: initialization completed in 1220 ms
2025-10-03 18:56:09 [restartedMain] WARN  o.a.c.c.C.[Tomcat].[localhost].[/] - Cannot deserialize session attribute [SPRING_SECURITY_CONTEXT] for session [8EF614243B43CA2F30FDCE768FDABDD6]
2025-10-03 18:56:09 [restartedMain] INFO  o.h.jpa.internal.util.LogHelper - HHH000204: Processing PersistenceUnitInfo [name: default]
2025-10-03 18:56:09 [restartedMain] INFO  org.hibernate.Version - HHH000412: Hibernate ORM core version 6.6.29.Final
2025-10-03 18:56:09 [restartedMain] INFO  o.h.c.i.RegionFactoryInitiator - HHH000026: Second-level cache disabled
2025-10-03 18:56:09 [restartedMain] INFO  o.s.o.j.p.SpringPersistenceUnitInfo - No LoadTimeWeaver setup: ignoring JPA class transformer
2025-10-03 18:56:09 [restartedMain] INFO  com.zaxxer.hikari.HikariDataSource - HikariPool-1 - Starting...
2025-10-03 18:56:09 [restartedMain] INFO  com.zaxxer.hikari.pool.HikariPool - HikariPool-1 - Added connection com.mysql.cj.jdbc.ConnectionImpl@57990aa5
2025-10-03 18:56:09 [restartedMain] INFO  com.zaxxer.hikari.HikariDataSource - HikariPool-1 - Start completed.
2025-10-03 18:56:09 [restartedMain] INFO  o.hibernate.orm.connections.pooling - HHH10001005: Database info:
	Database JDBC URL [Connecting through datasource 'HikariDataSource (HikariPool-1)']
	Database driver: undefined/unknown
	Database version: 8.4.5
	Autocommit mode: undefined/unknown
	Isolation level: undefined/unknown
	Minimum pool size: undefined/unknown
	Maximum pool size: undefined/unknown
2025-10-03 18:56:10 [restartedMain] INFO  o.h.e.t.j.p.i.JtaPlatformInitiator - HHH000489: No JTA platform available (set 'hibernate.transaction.jta.platform' to enable JTA platform integration)
2025-10-03 18:56:10 [restartedMain] INFO  o.s.o.j.LocalContainerEntityManagerFactoryBean - Initialized JPA EntityManagerFactory for persistence unit 'default'
2025-10-03 18:56:10 [restartedMain] DEBUG o.s.d.j.r.c.JpaMetamodelMappingContextFactoryBean - Initializing JpaMetamodelMappingContext…
2025-10-03 18:56:10 [restartedMain] DEBUG o.s.d.j.r.c.JpaMetamodelMappingContextFactoryBean - Finished initializing JpaMetamodelMappingContext
2025-10-03 18:56:11 [restartedMain] DEBUG o.s.d.j.repository.query.NamedQuery - Looking up named query 'Order.findByIdAndUserEmail'
2025-10-03 18:56:11 [restartedMain] DEBUG o.s.d.j.repository.query.NamedQuery - Did not find named query Order.findByIdAndUserEmail
2025-10-03 18:56:11 [restartedMain] DEBUG o.s.d.j.repository.query.NamedQuery - Looking up named query 'Order.findAllByOrderByCreatedAtDesc'
2025-10-03 18:56:11 [restartedMain] DEBUG o.s.d.j.repository.query.NamedQuery - Did not find named query Order.findAllByOrderByCreatedAtDesc
2025-10-03 18:56:11 [restartedMain] DEBUG o.s.d.j.repository.query.NamedQuery - Looking up named query 'Order.findByUserEmailOrderByCreatedAtDesc'
2025-10-03 18:56:11 [restartedMain] DEBUG o.s.d.j.repository.query.NamedQuery - Did not find named query Order.findByUserEmailOrderByCreatedAtDesc
2025-10-03 18:56:11 [restartedMain] DEBUG o.s.d.j.repository.query.NamedQuery - Looking up named query 'Product.findByCategory'
2025-10-03 18:56:11 [restartedMain] DEBUG o.s.d.j.repository.query.NamedQuery - Did not find named query Product.findByCategory
2025-10-03 18:56:11 [restartedMain] DEBUG o.s.d.j.repository.query.NamedQuery - Looking up named query 'User.findByEmail'
2025-10-03 18:56:11 [restartedMain] DEBUG o.s.d.j.repository.query.NamedQuery - Did not find named query User.findByEmail
2025-10-03 18:56:11 [restartedMain] DEBUG o.s.d.j.repository.query.NamedQuery - Looking up named query 'User.findTopByOrderByIdDesc'
2025-10-03 18:56:11 [restartedMain] DEBUG o.s.d.j.repository.query.NamedQuery - Did not find named query User.findTopByOrderByIdDesc
2025-10-03 18:56:11 [restartedMain] DEBUG o.s.d.j.repository.query.NamedQuery - Looking up named query 'CartItem.findByUserAndProduct'
2025-10-03 18:56:11 [restartedMain] DEBUG o.s.d.j.repository.query.NamedQuery - Did not find named query CartItem.findByUserAndProduct
2025-10-03 18:56:11 [restartedMain] DEBUG o.s.d.j.repository.query.NamedQuery - Looking up named query 'CartItem.findByUserOrderByCreatedAtDesc'
2025-10-03 18:56:11 [restartedMain] DEBUG o.s.d.j.repository.query.NamedQuery - Did not find named query CartItem.findByUserOrderByCreatedAtDesc
2025-10-03 18:56:11 [restartedMain] WARN  o.s.b.a.o.j.JpaBaseConfiguration$JpaWebConfiguration - spring.jpa.open-in-view is enabled by default. Therefore, database queries may be performed during view rendering. Explicitly configure spring.jpa.open-in-view to disable this warning
2025-10-03 18:56:11 [restartedMain] INFO  o.s.s.c.a.a.c.InitializeUserDetailsBeanManagerConfigurer$InitializeUserDetailsManagerConfigurer - Global AuthenticationManager configured with UserDetailsService bean with name customUserDetailsService
2025-10-03 18:56:11 [restartedMain] INFO  o.s.b.d.a.OptionalLiveReloadServer - LiveReload server is running on port 35729
2025-10-03 18:56:11 [restartedMain] INFO  o.s.b.w.e.tomcat.TomcatWebServer - Tomcat started on port 8080 (http) with context path '/'
2025-10-03 18:56:11 [restartedMain] INFO  com.example.SoccerShopApplication - Started SoccerShopApplication in 4.203 seconds (process running for 4.691)
2025-10-03 18:56:57 [RMI TCP Connection(2)-127.0.0.1] INFO  o.s.b.a.SpringApplicationAdminMXBeanRegistrar$SpringApplicationAdmin - Application shutdown requested.
2025-10-03 18:56:57 [RMI TCP Connection(2)-127.0.0.1] INFO  o.s.b.w.e.tomcat.GracefulShutdown - Commencing graceful shutdown. Waiting for active requests to complete
2025-10-03 18:56:57 [tomcat-shutdown] INFO  o.s.b.w.e.tomcat.GracefulShutdown - Graceful shutdown complete
2025-10-03 18:56:57 [RMI TCP Connection(2)-127.0.0.1] INFO  o.s.o.j.LocalContainerEntityManagerFactoryBean - Closing JPA EntityManagerFactory for persistence unit 'default'
2025-10-03 18:56:57 [RMI TCP Connection(2)-127.0.0.1] INFO  com.zaxxer.hikari.HikariDataSource - HikariPool-1 - Shutdown initiated...
2025-10-03 18:56:57 [RMI TCP Connection(2)-127.0.0.1] INFO  com.zaxxer.hikari.HikariDataSource - HikariPool-1 - Shutdown completed.
2025-10-03 18:56:59 [restartedMain] INFO  com.example.SoccerShopApplication - Starting SoccerShopApplication using Java 21.0.7 with PID 17900 (C:\pleiades\2025-06\workspace\SoccerShop\target\classes started by soras in C:\pleiades\2025-06\workspace\SoccerShop)
2025-10-03 18:56:59 [restartedMain] INFO  com.example.SoccerShopApplication - No active profile set, falling back to 1 default profile: "default"
2025-10-03 18:56:59 [restartedMain] INFO  o.s.b.d.e.DevToolsPropertyDefaultsPostProcessor - Devtools property defaults active! Set 'spring.devtools.add-properties' to 'false' to disable
2025-10-03 18:56:59 [restartedMain] INFO  o.s.b.d.e.DevToolsPropertyDefaultsPostProcessor - For additional web related logging consider setting the 'logging.level.web' property to 'DEBUG'
2025-10-03 18:56:59 [restartedMain] INFO  o.s.d.r.c.RepositoryConfigurationDelegate - Bootstrapping Spring Data JPA repositories in DEFAULT mode.
2025-10-03 18:56:59 [restartedMain] INFO  o.s.d.r.c.RepositoryConfigurationDelegate - Finished Spring Data repository scanning in 45 ms. Found 5 JPA repository interfaces.
2025-10-03 18:57:00 [restartedMain] INFO  o.s.b.w.e.tomcat.TomcatWebServer - Tomcat initialized with port 8080 (http)
2025-10-03 18:57:00 [restartedMain] INFO  o.a.catalina.core.StandardService - Starting service [Tomcat]
2025-10-03 18:57:00 [restartedMain] INFO  o.a.catalina.core.StandardEngine - Starting Servlet engine: [Apache Tomcat/10.1.46]
2025-10-03 18:57:00 [restartedMain] INFO  o.a.c.c.C.[Tomcat].[localhost].[/] - Initializing Spring embedded WebApplicationContext
2025-10-03 18:57:00 [restartedMain] INFO  o.s.b.w.s.c.ServletWebServerApplicationContext - Root WebApplicationContext: initialization completed in 1059 ms
2025-10-03 18:57:00 [restartedMain] INFO  o.h.jpa.internal.util.LogHelper - HHH000204: Processing PersistenceUnitInfo [name: default]
2025-10-03 18:57:00 [restartedMain] INFO  org.hibernate.Version - HHH000412: Hibernate ORM core version 6.6.29.Final
2025-10-03 18:57:00 [restartedMain] INFO  o.h.c.i.RegionFactoryInitiator - HHH000026: Second-level cache disabled
2025-10-03 18:57:00 [restartedMain] INFO  o.s.o.j.p.SpringPersistenceUnitInfo - No LoadTimeWeaver setup: ignoring JPA class transformer
2025-10-03 18:57:00 [restartedMain] INFO  com.zaxxer.hikari.HikariDataSource - HikariPool-1 - Starting...
2025-10-03 18:57:01 [restartedMain] INFO  com.zaxxer.hikari.pool.HikariPool - HikariPool-1 - Added connection com.mysql.cj.jdbc.ConnectionImpl@48b1cc44
2025-10-03 18:57:01 [restartedMain] INFO  com.zaxxer.hikari.HikariDataSource - HikariPool-1 - Start completed.
2025-10-03 18:57:01 [restartedMain] INFO  o.hibernate.orm.connections.pooling - HHH10001005: Database info:
	Database JDBC URL [Connecting through datasource 'HikariDataSource (HikariPool-1)']
	Database driver: undefined/unknown
	Database version: 8.4.5
	Autocommit mode: undefined/unknown
	Isolation level: undefined/unknown
	Minimum pool size: undefined/unknown
	Maximum pool size: undefined/unknown
2025-10-03 18:57:01 [restartedMain] INFO  o.h.e.t.j.p.i.JtaPlatformInitiator - HHH000489: No JTA platform available (set 'hibernate.transaction.jta.platform' to enable JTA platform integration)
2025-10-03 18:57:01 [restartedMain] INFO  o.s.o.j.LocalContainerEntityManagerFactoryBean - Initialized JPA EntityManagerFactory for persistence unit 'default'
2025-10-03 18:57:01 [restartedMain] DEBUG o.s.d.j.r.c.JpaMetamodelMappingContextFactoryBean - Initializing JpaMetamodelMappingContext…
2025-10-03 18:57:01 [restartedMain] DEBUG o.s.d.j.r.c.JpaMetamodelMappingContextFactoryBean - Finished initializing JpaMetamodelMappingContext
2025-10-03 18:57:01 [restartedMain] DEBUG o.s.d.j.repository.query.NamedQuery - Looking up named query 'Order.findAllByOrderByCreatedAtDesc'
2025-10-03 18:57:01 [restartedMain] DEBUG o.s.d.j.repository.query.NamedQuery - Did not find named query Order.findAllByOrderByCreatedAtDesc
2025-10-03 18:57:02 [restartedMain] DEBUG o.s.d.j.repository.query.NamedQuery - Looking up named query 'Order.findByUserEmailOrderByCreatedAtDesc'
2025-10-03 18:57:02 [restartedMain] DEBUG o.s.d.j.repository.query.NamedQuery - Did not find named query Order.findByUserEmailOrderByCreatedAtDesc
2025-10-03 18:57:02 [restartedMain] DEBUG o.s.d.j.repository.query.NamedQuery - Looking up named query 'Order.findByIdAndUserEmail'
2025-10-03 18:57:02 [restartedMain] DEBUG o.s.d.j.repository.query.NamedQuery - Did not find named query Order.findByIdAndUserEmail
2025-10-03 18:57:02 [restartedMain] DEBUG o.s.d.j.repository.query.NamedQuery - Looking up named query 'Product.findByCategory'
2025-10-03 18:57:02 [restartedMain] DEBUG o.s.d.j.repository.query.NamedQuery - Did not find named query Product.findByCategory
2025-10-03 18:57:02 [restartedMain] DEBUG o.s.d.j.repository.query.NamedQuery - Looking up named query 'User.findByEmail'
2025-10-03 18:57:02 [restartedMain] DEBUG o.s.d.j.repository.query.NamedQuery - Did not find named query User.findByEmail
2025-10-03 18:57:02 [restartedMain] DEBUG o.s.d.j.repository.query.NamedQuery - Looking up named query 'User.findTopByOrderByIdDesc'
2025-10-03 18:57:02 [restartedMain] DEBUG o.s.d.j.repository.query.NamedQuery - Did not find named query User.findTopByOrderByIdDesc
2025-10-03 18:57:02 [restartedMain] DEBUG o.s.d.j.repository.query.NamedQuery - Looking up named query 'CartItem.findByUserOrderByCreatedAtDesc'
2025-10-03 18:57:02 [restartedMain] DEBUG o.s.d.j.repository.query.NamedQuery - Did not find named query CartItem.findByUserOrderByCreatedAtDesc
2025-10-03 18:57:02 [restartedMain] DEBUG o.s.d.j.repository.query.NamedQuery - Looking up named query 'CartItem.findByUserAndProduct'
2025-10-03 18:57:02 [restartedMain] DEBUG o.s.d.j.repository.query.NamedQuery - Did not find named query CartItem.findByUserAndProduct
2025-10-03 18:57:02 [restartedMain] WARN  o.s.b.a.o.j.JpaBaseConfiguration$JpaWebConfiguration - spring.jpa.open-in-view is enabled by default. Therefore, database queries may be performed during view rendering. Explicitly configure spring.jpa.open-in-view to disable this warning
2025-10-03 18:57:02 [restartedMain] INFO  o.s.s.c.a.a.c.InitializeUserDetailsBeanManagerConfigurer$InitializeUserDetailsManagerConfigurer - Global AuthenticationManager configured with UserDetailsService bean with name customUserDetailsService
2025-10-03 18:57:02 [restartedMain] INFO  o.s.b.d.a.OptionalLiveReloadServer - LiveReload server is running on port 35729
2025-10-03 18:57:02 [restartedMain] INFO  o.s.b.w.e.tomcat.TomcatWebServer - Tomcat started on port 8080 (http) with context path '/'
2025-10-03 18:57:02 [restartedMain] INFO  com.example.SoccerShopApplication - Started SoccerShopApplication in 3.649 seconds (process running for 4.191)
2025-10-03 18:57:39 [http-nio-8080-exec-1] INFO  o.a.c.c.C.[Tomcat].[localhost].[/] - Initializing Spring DispatcherServlet 'dispatcherServlet'
2025-10-03 18:57:39 [http-nio-8080-exec-1] INFO  o.s.web.servlet.DispatcherServlet - Initializing Servlet 'dispatcherServlet'
2025-10-03 18:57:39 [http-nio-8080-exec-1] INFO  o.s.web.servlet.DispatcherServlet - Completed initialization in 11 ms
2025-10-03 19:06:37 [http-nio-8080-exec-6] DEBUG o.h.s.results.internal.ResultsHelper - Collection fully initialized: [com.example.entity.Order.orderDetails#6]
2025-10-03 19:07:02 [http-nio-8080-exec-1] DEBUG o.h.s.results.internal.ResultsHelper - Collection fully initialized: [com.example.entity.Order.orderDetails#5]
2025-10-03 19:07:06 [http-nio-8080-exec-5] DEBUG o.h.s.results.internal.ResultsHelper - Collection fully initialized: [com.example.entity.Order.orderDetails#6]
2025-10-03 19:22:22 [RMI TCP Connection(2)-127.0.0.1] INFO  o.s.b.a.SpringApplicationAdminMXBeanRegistrar$SpringApplicationAdmin - Application shutdown requested.
2025-10-03 19:22:22 [RMI TCP Connection(2)-127.0.0.1] INFO  o.s.b.w.e.tomcat.GracefulShutdown - Commencing graceful shutdown. Waiting for active requests to complete
2025-10-03 19:22:22 [tomcat-shutdown] INFO  o.s.b.w.e.tomcat.GracefulShutdown - Graceful shutdown complete
2025-10-03 19:22:22 [RMI TCP Connection(2)-127.0.0.1] INFO  o.s.o.j.LocalContainerEntityManagerFactoryBean - Closing JPA EntityManagerFactory for persistence unit 'default'
2025-10-03 19:22:22 [RMI TCP Connection(2)-127.0.0.1] INFO  com.zaxxer.hikari.HikariDataSource - HikariPool-1 - Shutdown initiated...
2025-10-03 19:22:22 [RMI TCP Connection(2)-127.0.0.1] INFO  com.zaxxer.hikari.HikariDataSource - HikariPool-1 - Shutdown completed.
